26 Mar, 2014 4:58:29 PM org.apache.catalina.core.AprLifecycleListener init
INFO: The APR based Apache Tomcat Native library which allows optimal performance in production environments was not found on the java.library.path: /usr/lib/jvm/java-6-oracle/jre/lib/i386/server:/usr/lib/jvm/java-6-oracle/jre/lib/i386:/usr/lib/jvm/java-6-oracle/jre/../lib/i386:/usr/java/packages/lib/i386:/lib:/usr/lib
26 Mar, 2014 4:58:29 PM org.apache.tomcat.util.digester.SetPropertiesRule begin
WARNING: [SetPropertiesRule]{Server/Service/Engine/Host/Context} Setting property 'debug' to '0' did not find a matching property.
26 Mar, 2014 4:58:29 PM org.apache.tomcat.util.digester.SetPropertiesRule begin
WARNING: [SetPropertiesRule]{Server/Service/Engine/Host/Context} Setting property 'unpackWARs' to 'true' did not find a matching property.
26 Mar, 2014 4:58:30 PM org.apache.coyote.http11.Http11Protocol init
INFO: Initializing Coyote HTTP/1.1 on http-8080
26 Mar, 2014 4:58:30 PM org.apache.catalina.startup.Catalina load
INFO: Initialization processed in 427 ms
26 Mar, 2014 4:58:30 PM org.apache.catalina.core.StandardService start
INFO: Starting service Catalina
26 Mar, 2014 4:58:30 PM org.apache.catalina.core.StandardEngine start
INFO: Starting Servlet Engine: Apache Tomcat/6.0.39
26 Mar, 2014 4:58:30 PM org.apache.catalina.loader.WebappClassLoader validateJarFile
INFO: validateJarFile(/home/dinakaran/Dinakaran/java-workspace/dvd-app/target/dvd-app-2.3.0/WEB-INF/lib/servlet-api-2.5.jar) - jar not loaded. See Servlet Spec 2.3, section 9.7.2. Offending class: javax/servlet/Servlet.class
26 Mar, 2014 4:58:30 PM com.opensymphony.xwork2.util.logging.commons.CommonsLogger info
INFO: Parsing configuration file [struts-default.xml]
26 Mar, 2014 4:58:30 PM com.opensymphony.xwork2.util.logging.commons.CommonsLogger info
INFO: Unable to locate configuration files of the name struts-plugin.xml, skipping
26 Mar, 2014 4:58:30 PM com.opensymphony.xwork2.util.logging.commons.CommonsLogger info
INFO: Parsing configuration file [struts-plugin.xml]
26 Mar, 2014 4:58:30 PM com.opensymphony.xwork2.util.logging.commons.CommonsLogger info
INFO: Parsing configuration file [struts.xml]
26 Mar, 2014 4:58:30 PM com.opensymphony.xwork2.util.logging.commons.CommonsLogger info
INFO: Choosing bean (struts) for class com.opensymphony.xwork2.ObjectFactory
26 Mar, 2014 4:58:30 PM com.opensymphony.xwork2.util.logging.commons.CommonsLogger info
INFO: Choosing bean (struts) for class com.opensymphony.xwork2.conversion.impl.XWorkConverter
26 Mar, 2014 4:58:30 PM com.opensymphony.xwork2.util.logging.commons.CommonsLogger info
INFO: Choosing bean (struts) for interface com.opensymphony.xwork2.TextProvider
26 Mar, 2014 4:58:30 PM com.opensymphony.xwork2.util.logging.commons.CommonsLogger info
INFO: Choosing bean (struts) for interface com.opensymphony.xwork2.ActionProxyFactory
26 Mar, 2014 4:58:30 PM com.opensymphony.xwork2.util.logging.commons.CommonsLogger info
INFO: Choosing bean (struts) for interface com.opensymphony.xwork2.conversion.ObjectTypeDeterminer
26 Mar, 2014 4:58:30 PM com.opensymphony.xwork2.util.logging.commons.CommonsLogger info
INFO: Choosing bean (struts) for interface org.apache.struts2.dispatcher.mapper.ActionMapper
26 Mar, 2014 4:58:30 PM com.opensymphony.xwork2.util.logging.commons.CommonsLogger info
INFO: Choosing bean (jakarta) for interface org.apache.struts2.dispatcher.multipart.MultiPartRequest
26 Mar, 2014 4:58:30 PM com.opensymphony.xwork2.util.logging.commons.CommonsLogger info
INFO: Choosing bean (struts) for class org.apache.struts2.views.freemarker.FreemarkerManager
26 Mar, 2014 4:58:30 PM com.opensymphony.xwork2.util.logging.commons.CommonsLogger info
INFO: Choosing bean (struts) for interface org.apache.struts2.components.UrlRenderer
26 Mar, 2014 4:58:30 PM com.opensymphony.xwork2.util.logging.commons.CommonsLogger info
INFO: Choosing bean (struts) for interface com.opensymphony.xwork2.validator.ActionValidatorManager
26 Mar, 2014 4:58:30 PM com.opensymphony.xwork2.util.logging.commons.CommonsLogger info
INFO: Choosing bean (struts) for interface com.opensymphony.xwork2.util.ValueStackFactory
26 Mar, 2014 4:58:30 PM com.opensymphony.xwork2.util.logging.commons.CommonsLogger info
INFO: Choosing bean (struts) for interface com.opensymphony.xwork2.util.reflection.ReflectionProvider
26 Mar, 2014 4:58:30 PM com.opensymphony.xwork2.util.logging.commons.CommonsLogger info
INFO: Choosing bean (struts) for interface com.opensymphony.xwork2.util.reflection.ReflectionContextFactory
26 Mar, 2014 4:58:30 PM com.opensymphony.xwork2.util.logging.commons.CommonsLogger info
INFO: Choosing bean (struts) for interface com.opensymphony.xwork2.util.PatternMatcher
26 Mar, 2014 4:58:30 PM com.opensymphony.xwork2.util.logging.commons.CommonsLogger info
INFO: Choosing bean (struts) for interface org.apache.struts2.dispatcher.StaticContentLoader
26 Mar, 2014 4:58:30 PM com.opensymphony.xwork2.util.logging.commons.CommonsLogger info
INFO: Choosing bean (struts) for interface com.opensymphony.xwork2.UnknownHandlerManager
26 Mar, 2014 4:58:31 PM org.apache.catalina.startup.HostConfig deployDirectory
INFO: Deploying web application directory manager
26 Mar, 2014 4:58:31 PM org.apache.catalina.startup.HostConfig deployDirectory
INFO: Deploying web application directory docs
26 Mar, 2014 4:58:31 PM org.apache.catalina.startup.HostConfig deployDirectory
INFO: Deploying web application directory host-manager
26 Mar, 2014 4:58:31 PM org.apache.catalina.startup.HostConfig deployDirectory
INFO: Deploying web application directory examples
26 Mar, 2014 4:58:31 PM org.apache.coyote.http11.Http11Protocol start
INFO: Starting Coyote HTTP/1.1 on http-8080
26 Mar, 2014 4:58:31 PM org.apache.jk.common.ChannelSocket init
INFO: JK: ajp13 listening on /0.0.0.0:8009
26 Mar, 2014 4:58:31 PM org.apache.jk.server.JkMain start
INFO: Jk running ID=0 time=0/17  config=null
26 Mar, 2014 4:58:31 PM org.apache.catalina.startup.Catalina start
INFO: Server startup in 1453 ms
==============>abcd
26 Mar, 2014 5:06:53 PM org.apache.catalina.core.AprLifecycleListener init
INFO: The APR based Apache Tomcat Native library which allows optimal performance in production environments was not found on the java.library.path: /usr/lib/jvm/java-6-oracle/jre/lib/i386/server:/usr/lib/jvm/java-6-oracle/jre/lib/i386:/usr/lib/jvm/java-6-oracle/jre/../lib/i386:/usr/java/packages/lib/i386:/lib:/usr/lib
26 Mar, 2014 5:06:53 PM org.apache.tomcat.util.digester.SetPropertiesRule begin
WARNING: [SetPropertiesRule]{Server/Service/Engine/Host/Context} Setting property 'debug' to '0' did not find a matching property.
26 Mar, 2014 5:06:53 PM org.apache.tomcat.util.digester.SetPropertiesRule begin
WARNING: [SetPropertiesRule]{Server/Service/Engine/Host/Context} Setting property 'unpackWARs' to 'true' did not find a matching property.
26 Mar, 2014 5:06:53 PM org.apache.coyote.http11.Http11Protocol init
INFO: Initializing Coyote HTTP/1.1 on http-8080
26 Mar, 2014 5:06:53 PM org.apache.catalina.startup.Catalina load
INFO: Initialization processed in 454 ms
26 Mar, 2014 5:06:53 PM org.apache.catalina.core.StandardService start
INFO: Starting service Catalina
26 Mar, 2014 5:06:53 PM org.apache.catalina.core.StandardEngine start
INFO: Starting Servlet Engine: Apache Tomcat/6.0.39
26 Mar, 2014 5:06:53 PM org.apache.catalina.loader.WebappClassLoader validateJarFile
INFO: validateJarFile(/home/dinakaran/Dinakaran/java-workspace/dvd-app/target/dvd-app-2.3.0/WEB-INF/lib/servlet-api-2.5.jar) - jar not loaded. See Servlet Spec 2.3, section 9.7.2. Offending class: javax/servlet/Servlet.class
26 Mar, 2014 5:06:54 PM com.opensymphony.xwork2.util.logging.commons.CommonsLogger info
INFO: Parsing configuration file [struts-default.xml]
26 Mar, 2014 5:06:54 PM com.opensymphony.xwork2.util.logging.commons.CommonsLogger info
INFO: Unable to locate configuration files of the name struts-plugin.xml, skipping
26 Mar, 2014 5:06:54 PM com.opensymphony.xwork2.util.logging.commons.CommonsLogger info
INFO: Parsing configuration file [struts-plugin.xml]
26 Mar, 2014 5:06:54 PM com.opensymphony.xwork2.util.logging.commons.CommonsLogger info
INFO: Parsing configuration file [struts.xml]
26 Mar, 2014 5:06:54 PM com.opensymphony.xwork2.util.logging.commons.CommonsLogger info
INFO: Choosing bean (struts) for class com.opensymphony.xwork2.ObjectFactory
26 Mar, 2014 5:06:54 PM com.opensymphony.xwork2.util.logging.commons.CommonsLogger info
INFO: Choosing bean (struts) for class com.opensymphony.xwork2.conversion.impl.XWorkConverter
26 Mar, 2014 5:06:54 PM com.opensymphony.xwork2.util.logging.commons.CommonsLogger info
INFO: Choosing bean (struts) for interface com.opensymphony.xwork2.TextProvider
26 Mar, 2014 5:06:54 PM com.opensymphony.xwork2.util.logging.commons.CommonsLogger info
INFO: Choosing bean (struts) for interface com.opensymphony.xwork2.ActionProxyFactory
26 Mar, 2014 5:06:54 PM com.opensymphony.xwork2.util.logging.commons.CommonsLogger info
INFO: Choosing bean (struts) for interface com.opensymphony.xwork2.conversion.ObjectTypeDeterminer
26 Mar, 2014 5:06:54 PM com.opensymphony.xwork2.util.logging.commons.CommonsLogger info
INFO: Choosing bean (struts) for interface org.apache.struts2.dispatcher.mapper.ActionMapper
26 Mar, 2014 5:06:54 PM com.opensymphony.xwork2.util.logging.commons.CommonsLogger info
INFO: Choosing bean (jakarta) for interface org.apache.struts2.dispatcher.multipart.MultiPartRequest
26 Mar, 2014 5:06:54 PM com.opensymphony.xwork2.util.logging.commons.CommonsLogger info
INFO: Choosing bean (struts) for class org.apache.struts2.views.freemarker.FreemarkerManager
26 Mar, 2014 5:06:54 PM com.opensymphony.xwork2.util.logging.commons.CommonsLogger info
INFO: Choosing bean (struts) for interface org.apache.struts2.components.UrlRenderer
26 Mar, 2014 5:06:54 PM com.opensymphony.xwork2.util.logging.commons.CommonsLogger info
INFO: Choosing bean (struts) for interface com.opensymphony.xwork2.validator.ActionValidatorManager
26 Mar, 2014 5:06:54 PM com.opensymphony.xwork2.util.logging.commons.CommonsLogger info
INFO: Choosing bean (struts) for interface com.opensymphony.xwork2.util.ValueStackFactory
26 Mar, 2014 5:06:54 PM com.opensymphony.xwork2.util.logging.commons.CommonsLogger info
INFO: Choosing bean (struts) for interface com.opensymphony.xwork2.util.reflection.ReflectionProvider
26 Mar, 2014 5:06:54 PM com.opensymphony.xwork2.util.logging.commons.CommonsLogger info
INFO: Choosing bean (struts) for interface com.opensymphony.xwork2.util.reflection.ReflectionContextFactory
26 Mar, 2014 5:06:54 PM com.opensymphony.xwork2.util.logging.commons.CommonsLogger info
INFO: Choosing bean (struts) for interface com.opensymphony.xwork2.util.PatternMatcher
26 Mar, 2014 5:06:54 PM com.opensymphony.xwork2.util.logging.commons.CommonsLogger info
INFO: Choosing bean (struts) for interface org.apache.struts2.dispatcher.StaticContentLoader
26 Mar, 2014 5:06:54 PM com.opensymphony.xwork2.util.logging.commons.CommonsLogger info
INFO: Choosing bean (struts) for interface com.opensymphony.xwork2.UnknownHandlerManager
26 Mar, 2014 5:06:54 PM org.apache.catalina.startup.HostConfig deployDescriptor
INFO: Deploying configuration descriptor manager.xml
26 Mar, 2014 5:06:54 PM org.apache.catalina.startup.HostConfig deployDescriptor
INFO: Deploying configuration descriptor host-manager.xml
26 Mar, 2014 5:06:54 PM org.apache.catalina.startup.HostConfig deployDirectory
INFO: Deploying web application directory docs
26 Mar, 2014 5:06:54 PM org.apache.catalina.startup.HostConfig deployDirectory
INFO: Deploying web application directory examples
26 Mar, 2014 5:06:54 PM org.apache.coyote.http11.Http11Protocol start
INFO: Starting Coyote HTTP/1.1 on http-8080
26 Mar, 2014 5:06:54 PM org.apache.jk.common.ChannelSocket init
INFO: JK: ajp13 listening on /0.0.0.0:8009
26 Mar, 2014 5:06:54 PM org.apache.jk.server.JkMain start
INFO: Jk running ID=0 time=0/22  config=null
26 Mar, 2014 5:06:54 PM org.apache.catalina.startup.Catalina start
INFO: Server startup in 1458 ms
==============>Fanna
Dvd Search Success
Dvd Search Success
26 Mar, 2014 5:22:24 PM org.apache.catalina.core.AprLifecycleListener init
INFO: The APR based Apache Tomcat Native library which allows optimal performance in production environments was not found on the java.library.path: /usr/lib/jvm/java-6-oracle/jre/lib/i386/server:/usr/lib/jvm/java-6-oracle/jre/lib/i386:/usr/lib/jvm/java-6-oracle/jre/../lib/i386:/usr/java/packages/lib/i386:/lib:/usr/lib
26 Mar, 2014 5:22:24 PM org.apache.tomcat.util.digester.SetPropertiesRule begin
WARNING: [SetPropertiesRule]{Server/Service/Engine/Host/Context} Setting property 'debug' to '0' did not find a matching property.
26 Mar, 2014 5:22:24 PM org.apache.tomcat.util.digester.SetPropertiesRule begin
WARNING: [SetPropertiesRule]{Server/Service/Engine/Host/Context} Setting property 'unpackWARs' to 'true' did not find a matching property.
26 Mar, 2014 5:22:24 PM org.apache.coyote.http11.Http11Protocol init
INFO: Initializing Coyote HTTP/1.1 on http-8080
26 Mar, 2014 5:22:24 PM org.apache.catalina.startup.Catalina load
INFO: Initialization processed in 419 ms
26 Mar, 2014 5:22:24 PM org.apache.catalina.core.StandardService start
INFO: Starting service Catalina
26 Mar, 2014 5:22:24 PM org.apache.catalina.core.StandardEngine start
INFO: Starting Servlet Engine: Apache Tomcat/6.0.39
26 Mar, 2014 5:22:24 PM org.apache.catalina.loader.WebappClassLoader validateJarFile
INFO: validateJarFile(/home/dinakaran/Dinakaran/java-workspace/dvd-app/target/dvd-app-2.3.0/WEB-INF/lib/servlet-api-2.5.jar) - jar not loaded. See Servlet Spec 2.3, section 9.7.2. Offending class: javax/servlet/Servlet.class
26 Mar, 2014 5:22:25 PM com.opensymphony.xwork2.util.logging.commons.CommonsLogger info
INFO: Parsing configuration file [struts-default.xml]
26 Mar, 2014 5:22:25 PM com.opensymphony.xwork2.util.logging.commons.CommonsLogger info
INFO: Unable to locate configuration files of the name struts-plugin.xml, skipping
26 Mar, 2014 5:22:25 PM com.opensymphony.xwork2.util.logging.commons.CommonsLogger info
INFO: Parsing configuration file [struts-plugin.xml]
26 Mar, 2014 5:22:25 PM com.opensymphony.xwork2.util.logging.commons.CommonsLogger info
INFO: Parsing configuration file [struts.xml]
26 Mar, 2014 5:22:25 PM com.opensymphony.xwork2.util.logging.commons.CommonsLogger info
INFO: Choosing bean (struts) for class com.opensymphony.xwork2.ObjectFactory
26 Mar, 2014 5:22:25 PM com.opensymphony.xwork2.util.logging.commons.CommonsLogger info
INFO: Choosing bean (struts) for class com.opensymphony.xwork2.conversion.impl.XWorkConverter
26 Mar, 2014 5:22:25 PM com.opensymphony.xwork2.util.logging.commons.CommonsLogger info
INFO: Choosing bean (struts) for interface com.opensymphony.xwork2.TextProvider
26 Mar, 2014 5:22:25 PM com.opensymphony.xwork2.util.logging.commons.CommonsLogger info
INFO: Choosing bean (struts) for interface com.opensymphony.xwork2.ActionProxyFactory
26 Mar, 2014 5:22:25 PM com.opensymphony.xwork2.util.logging.commons.CommonsLogger info
INFO: Choosing bean (struts) for interface com.opensymphony.xwork2.conversion.ObjectTypeDeterminer
26 Mar, 2014 5:22:25 PM com.opensymphony.xwork2.util.logging.commons.CommonsLogger info
INFO: Choosing bean (struts) for interface org.apache.struts2.dispatcher.mapper.ActionMapper
26 Mar, 2014 5:22:25 PM com.opensymphony.xwork2.util.logging.commons.CommonsLogger info
INFO: Choosing bean (jakarta) for interface org.apache.struts2.dispatcher.multipart.MultiPartRequest
26 Mar, 2014 5:22:25 PM com.opensymphony.xwork2.util.logging.commons.CommonsLogger info
INFO: Choosing bean (struts) for class org.apache.struts2.views.freemarker.FreemarkerManager
26 Mar, 2014 5:22:25 PM com.opensymphony.xwork2.util.logging.commons.CommonsLogger info
INFO: Choosing bean (struts) for interface org.apache.struts2.components.UrlRenderer
26 Mar, 2014 5:22:25 PM com.opensymphony.xwork2.util.logging.commons.CommonsLogger info
INFO: Choosing bean (struts) for interface com.opensymphony.xwork2.validator.ActionValidatorManager
26 Mar, 2014 5:22:25 PM com.opensymphony.xwork2.util.logging.commons.CommonsLogger info
INFO: Choosing bean (struts) for interface com.opensymphony.xwork2.util.ValueStackFactory
26 Mar, 2014 5:22:25 PM com.opensymphony.xwork2.util.logging.commons.CommonsLogger info
INFO: Choosing bean (struts) for interface com.opensymphony.xwork2.util.reflection.ReflectionProvider
26 Mar, 2014 5:22:25 PM com.opensymphony.xwork2.util.logging.commons.CommonsLogger info
INFO: Choosing bean (struts) for interface com.opensymphony.xwork2.util.reflection.ReflectionContextFactory
26 Mar, 2014 5:22:25 PM com.opensymphony.xwork2.util.logging.commons.CommonsLogger info
INFO: Choosing bean (struts) for interface com.opensymphony.xwork2.util.PatternMatcher
26 Mar, 2014 5:22:25 PM com.opensymphony.xwork2.util.logging.commons.CommonsLogger info
INFO: Choosing bean (struts) for interface org.apache.struts2.dispatcher.StaticContentLoader
26 Mar, 2014 5:22:25 PM com.opensymphony.xwork2.util.logging.commons.CommonsLogger info
INFO: Choosing bean (struts) for interface com.opensymphony.xwork2.UnknownHandlerManager
26 Mar, 2014 5:22:25 PM org.apache.catalina.startup.HostConfig deployDescriptor
INFO: Deploying configuration descriptor manager.xml
26 Mar, 2014 5:22:25 PM org.apache.catalina.startup.HostConfig deployDescriptor
INFO: Deploying configuration descriptor host-manager.xml
26 Mar, 2014 5:22:25 PM org.apache.catalina.startup.HostConfig deployDirectory
INFO: Deploying web application directory docs
26 Mar, 2014 5:22:25 PM org.apache.catalina.startup.HostConfig deployDirectory
INFO: Deploying web application directory examples
26 Mar, 2014 5:22:25 PM org.apache.coyote.http11.Http11Protocol start
INFO: Starting Coyote HTTP/1.1 on http-8080
26 Mar, 2014 5:22:26 PM org.apache.jk.common.ChannelSocket init
INFO: JK: ajp13 listening on /0.0.0.0:8009
26 Mar, 2014 5:22:26 PM org.apache.jk.server.JkMain start
INFO: Jk running ID=0 time=0/14  config=null
26 Mar, 2014 5:22:26 PM org.apache.catalina.startup.Catalina start
INFO: Server startup in 1426 ms
==============>Jabong
26 Mar, 2014 5:42:01 PM org.apache.catalina.core.AprLifecycleListener init
INFO: The APR based Apache Tomcat Native library which allows optimal performance in production environments was not found on the java.library.path: /usr/lib/jvm/java-6-oracle/jre/lib/i386/server:/usr/lib/jvm/java-6-oracle/jre/lib/i386:/usr/lib/jvm/java-6-oracle/jre/../lib/i386:/usr/java/packages/lib/i386:/lib:/usr/lib
26 Mar, 2014 5:42:01 PM org.apache.tomcat.util.digester.SetPropertiesRule begin
WARNING: [SetPropertiesRule]{Server/Service/Engine/Host/Context} Setting property 'debug' to '0' did not find a matching property.
26 Mar, 2014 5:42:01 PM org.apache.tomcat.util.digester.SetPropertiesRule begin
WARNING: [SetPropertiesRule]{Server/Service/Engine/Host/Context} Setting property 'unpackWARs' to 'true' did not find a matching property.
26 Mar, 2014 5:42:01 PM org.apache.coyote.http11.Http11Protocol init
INFO: Initializing Coyote HTTP/1.1 on http-8080
26 Mar, 2014 5:42:01 PM org.apache.catalina.startup.Catalina load
INFO: Initialization processed in 449 ms
26 Mar, 2014 5:42:01 PM org.apache.catalina.core.StandardService start
INFO: Starting service Catalina
26 Mar, 2014 5:42:01 PM org.apache.catalina.core.StandardEngine start
INFO: Starting Servlet Engine: Apache Tomcat/6.0.39
26 Mar, 2014 5:42:01 PM org.apache.catalina.loader.WebappClassLoader validateJarFile
INFO: validateJarFile(/home/dinakaran/Dinakaran/java-workspace/dvd-app/target/dvd-app-2.3.0/WEB-INF/lib/servlet-api-2.5.jar) - jar not loaded. See Servlet Spec 2.3, section 9.7.2. Offending class: javax/servlet/Servlet.class
26 Mar, 2014 5:42:02 PM com.opensymphony.xwork2.util.logging.commons.CommonsLogger info
INFO: Parsing configuration file [struts-default.xml]
26 Mar, 2014 5:42:02 PM com.opensymphony.xwork2.util.logging.commons.CommonsLogger info
INFO: Unable to locate configuration files of the name struts-plugin.xml, skipping
26 Mar, 2014 5:42:02 PM com.opensymphony.xwork2.util.logging.commons.CommonsLogger info
INFO: Parsing configuration file [struts-plugin.xml]
26 Mar, 2014 5:42:02 PM com.opensymphony.xwork2.util.logging.commons.CommonsLogger info
INFO: Parsing configuration file [struts.xml]
26 Mar, 2014 5:42:02 PM com.opensymphony.xwork2.util.logging.commons.CommonsLogger info
INFO: Choosing bean (struts) for class com.opensymphony.xwork2.ObjectFactory
26 Mar, 2014 5:42:02 PM com.opensymphony.xwork2.util.logging.commons.CommonsLogger info
INFO: Choosing bean (struts) for class com.opensymphony.xwork2.conversion.impl.XWorkConverter
26 Mar, 2014 5:42:02 PM com.opensymphony.xwork2.util.logging.commons.CommonsLogger info
INFO: Choosing bean (struts) for interface com.opensymphony.xwork2.TextProvider
26 Mar, 2014 5:42:02 PM com.opensymphony.xwork2.util.logging.commons.CommonsLogger info
INFO: Choosing bean (struts) for interface com.opensymphony.xwork2.ActionProxyFactory
26 Mar, 2014 5:42:02 PM com.opensymphony.xwork2.util.logging.commons.CommonsLogger info
INFO: Choosing bean (struts) for interface com.opensymphony.xwork2.conversion.ObjectTypeDeterminer
26 Mar, 2014 5:42:02 PM com.opensymphony.xwork2.util.logging.commons.CommonsLogger info
INFO: Choosing bean (struts) for interface org.apache.struts2.dispatcher.mapper.ActionMapper
26 Mar, 2014 5:42:02 PM com.opensymphony.xwork2.util.logging.commons.CommonsLogger info
INFO: Choosing bean (jakarta) for interface org.apache.struts2.dispatcher.multipart.MultiPartRequest
26 Mar, 2014 5:42:02 PM com.opensymphony.xwork2.util.logging.commons.CommonsLogger info
INFO: Choosing bean (struts) for class org.apache.struts2.views.freemarker.FreemarkerManager
26 Mar, 2014 5:42:02 PM com.opensymphony.xwork2.util.logging.commons.CommonsLogger info
INFO: Choosing bean (struts) for interface org.apache.struts2.components.UrlRenderer
26 Mar, 2014 5:42:02 PM com.opensymphony.xwork2.util.logging.commons.CommonsLogger info
INFO: Choosing bean (struts) for interface com.opensymphony.xwork2.validator.ActionValidatorManager
26 Mar, 2014 5:42:02 PM com.opensymphony.xwork2.util.logging.commons.CommonsLogger info
INFO: Choosing bean (struts) for interface com.opensymphony.xwork2.util.ValueStackFactory
26 Mar, 2014 5:42:02 PM com.opensymphony.xwork2.util.logging.commons.CommonsLogger info
INFO: Choosing bean (struts) for interface com.opensymphony.xwork2.util.reflection.ReflectionProvider
26 Mar, 2014 5:42:02 PM com.opensymphony.xwork2.util.logging.commons.CommonsLogger info
INFO: Choosing bean (struts) for interface com.opensymphony.xwork2.util.reflection.ReflectionContextFactory
26 Mar, 2014 5:42:02 PM com.opensymphony.xwork2.util.logging.commons.CommonsLogger info
INFO: Choosing bean (struts) for interface com.opensymphony.xwork2.util.PatternMatcher
26 Mar, 2014 5:42:02 PM com.opensymphony.xwork2.util.logging.commons.CommonsLogger info
INFO: Choosing bean (struts) for interface org.apache.struts2.dispatcher.StaticContentLoader
26 Mar, 2014 5:42:02 PM com.opensymphony.xwork2.util.logging.commons.CommonsLogger info
INFO: Choosing bean (struts) for interface com.opensymphony.xwork2.UnknownHandlerManager
26 Mar, 2014 5:42:02 PM org.apache.catalina.startup.HostConfig deployDescriptor
INFO: Deploying configuration descriptor manager.xml
26 Mar, 2014 5:42:02 PM org.apache.catalina.startup.HostConfig deployDescriptor
INFO: Deploying configuration descriptor host-manager.xml
26 Mar, 2014 5:42:02 PM org.apache.catalina.startup.HostConfig deployDirectory
INFO: Deploying web application directory docs
26 Mar, 2014 5:42:02 PM org.apache.catalina.startup.HostConfig deployDirectory
INFO: Deploying web application directory examples
26 Mar, 2014 5:42:02 PM org.apache.coyote.http11.Http11Protocol start
INFO: Starting Coyote HTTP/1.1 on http-8080
26 Mar, 2014 5:42:03 PM org.apache.jk.common.ChannelSocket init
INFO: JK: ajp13 listening on /0.0.0.0:8009
26 Mar, 2014 5:42:03 PM org.apache.jk.server.JkMain start
INFO: Jk running ID=0 time=1/17  config=null
26 Mar, 2014 5:42:03 PM org.apache.catalina.startup.Catalina start
INFO: Server startup in 1414 ms
==============>llllllll
26 Mar, 2014 5:46:05 PM org.apache.catalina.core.AprLifecycleListener init
INFO: The APR based Apache Tomcat Native library which allows optimal performance in production environments was not found on the java.library.path: /usr/lib/jvm/java-6-oracle/jre/lib/i386/server:/usr/lib/jvm/java-6-oracle/jre/lib/i386:/usr/lib/jvm/java-6-oracle/jre/../lib/i386:/usr/java/packages/lib/i386:/lib:/usr/lib
26 Mar, 2014 5:46:06 PM org.apache.tomcat.util.digester.SetPropertiesRule begin
WARNING: [SetPropertiesRule]{Server/Service/Engine/Host/Context} Setting property 'debug' to '0' did not find a matching property.
26 Mar, 2014 5:46:06 PM org.apache.tomcat.util.digester.SetPropertiesRule begin
WARNING: [SetPropertiesRule]{Server/Service/Engine/Host/Context} Setting property 'unpackWARs' to 'true' did not find a matching property.
26 Mar, 2014 5:46:06 PM org.apache.coyote.http11.Http11Protocol init
INFO: Initializing Coyote HTTP/1.1 on http-8080
26 Mar, 2014 5:46:06 PM org.apache.catalina.startup.Catalina load
INFO: Initialization processed in 380 ms
26 Mar, 2014 5:46:06 PM org.apache.catalina.core.StandardService start
INFO: Starting service Catalina
26 Mar, 2014 5:46:06 PM org.apache.catalina.core.StandardEngine start
INFO: Starting Servlet Engine: Apache Tomcat/6.0.39
26 Mar, 2014 5:46:06 PM org.apache.catalina.loader.WebappClassLoader validateJarFile
INFO: validateJarFile(/home/dinakaran/Dinakaran/java-workspace/dvd-app/target/dvd-app-2.3.0/WEB-INF/lib/servlet-api-2.5.jar) - jar not loaded. See Servlet Spec 2.3, section 9.7.2. Offending class: javax/servlet/Servlet.class
26 Mar, 2014 5:46:06 PM com.opensymphony.xwork2.util.logging.commons.CommonsLogger info
INFO: Parsing configuration file [struts-default.xml]
26 Mar, 2014 5:46:06 PM com.opensymphony.xwork2.util.logging.commons.CommonsLogger info
INFO: Unable to locate configuration files of the name struts-plugin.xml, skipping
26 Mar, 2014 5:46:06 PM com.opensymphony.xwork2.util.logging.commons.CommonsLogger info
INFO: Parsing configuration file [struts-plugin.xml]
26 Mar, 2014 5:46:06 PM com.opensymphony.xwork2.util.logging.commons.CommonsLogger info
INFO: Parsing configuration file [struts.xml]
26 Mar, 2014 5:46:06 PM com.opensymphony.xwork2.util.logging.commons.CommonsLogger info
INFO: Choosing bean (struts) for class com.opensymphony.xwork2.ObjectFactory
26 Mar, 2014 5:46:06 PM com.opensymphony.xwork2.util.logging.commons.CommonsLogger info
INFO: Choosing bean (struts) for class com.opensymphony.xwork2.conversion.impl.XWorkConverter
26 Mar, 2014 5:46:06 PM com.opensymphony.xwork2.util.logging.commons.CommonsLogger info
INFO: Choosing bean (struts) for interface com.opensymphony.xwork2.TextProvider
26 Mar, 2014 5:46:06 PM com.opensymphony.xwork2.util.logging.commons.CommonsLogger info
INFO: Choosing bean (struts) for interface com.opensymphony.xwork2.ActionProxyFactory
26 Mar, 2014 5:46:06 PM com.opensymphony.xwork2.util.logging.commons.CommonsLogger info
INFO: Choosing bean (struts) for interface com.opensymphony.xwork2.conversion.ObjectTypeDeterminer
26 Mar, 2014 5:46:06 PM com.opensymphony.xwork2.util.logging.commons.CommonsLogger info
INFO: Choosing bean (struts) for interface org.apache.struts2.dispatcher.mapper.ActionMapper
26 Mar, 2014 5:46:06 PM com.opensymphony.xwork2.util.logging.commons.CommonsLogger info
INFO: Choosing bean (jakarta) for interface org.apache.struts2.dispatcher.multipart.MultiPartRequest
26 Mar, 2014 5:46:06 PM com.opensymphony.xwork2.util.logging.commons.CommonsLogger info
INFO: Choosing bean (struts) for class org.apache.struts2.views.freemarker.FreemarkerManager
26 Mar, 2014 5:46:06 PM com.opensymphony.xwork2.util.logging.commons.CommonsLogger info
INFO: Choosing bean (struts) for interface org.apache.struts2.components.UrlRenderer
26 Mar, 2014 5:46:06 PM com.opensymphony.xwork2.util.logging.commons.CommonsLogger info
INFO: Choosing bean (struts) for interface com.opensymphony.xwork2.validator.ActionValidatorManager
26 Mar, 2014 5:46:06 PM com.opensymphony.xwork2.util.logging.commons.CommonsLogger info
INFO: Choosing bean (struts) for interface com.opensymphony.xwork2.util.ValueStackFactory
26 Mar, 2014 5:46:06 PM com.opensymphony.xwork2.util.logging.commons.CommonsLogger info
INFO: Choosing bean (struts) for interface com.opensymphony.xwork2.util.reflection.ReflectionProvider
26 Mar, 2014 5:46:06 PM com.opensymphony.xwork2.util.logging.commons.CommonsLogger info
INFO: Choosing bean (struts) for interface com.opensymphony.xwork2.util.reflection.ReflectionContextFactory
26 Mar, 2014 5:46:06 PM com.opensymphony.xwork2.util.logging.commons.CommonsLogger info
INFO: Choosing bean (struts) for interface com.opensymphony.xwork2.util.PatternMatcher
26 Mar, 2014 5:46:06 PM com.opensymphony.xwork2.util.logging.commons.CommonsLogger info
INFO: Choosing bean (struts) for interface org.apache.struts2.dispatcher.StaticContentLoader
26 Mar, 2014 5:46:06 PM com.opensymphony.xwork2.util.logging.commons.CommonsLogger info
INFO: Choosing bean (struts) for interface com.opensymphony.xwork2.UnknownHandlerManager
26 Mar, 2014 5:46:07 PM org.apache.catalina.startup.HostConfig deployDescriptor
INFO: Deploying configuration descriptor manager.xml
26 Mar, 2014 5:46:07 PM org.apache.catalina.startup.HostConfig deployDescriptor
INFO: Deploying configuration descriptor host-manager.xml
26 Mar, 2014 5:46:07 PM org.apache.catalina.startup.HostConfig deployDirectory
INFO: Deploying web application directory docs
26 Mar, 2014 5:46:07 PM org.apache.catalina.startup.HostConfig deployDirectory
INFO: Deploying web application directory examples
26 Mar, 2014 5:46:07 PM org.apache.coyote.http11.Http11Protocol start
INFO: Starting Coyote HTTP/1.1 on http-8080
26 Mar, 2014 5:46:07 PM org.apache.jk.common.ChannelSocket init
INFO: JK: ajp13 listening on /0.0.0.0:8009
26 Mar, 2014 5:46:07 PM org.apache.jk.server.JkMain start
INFO: Jk running ID=0 time=0/22  config=null
26 Mar, 2014 5:46:07 PM org.apache.catalina.startup.Catalina start
INFO: Server startup in 1524 ms
com.ideas2it.dvdstore.model.Dvd@10e8647
==============>lllllllllll
26 Mar, 2014 7:59:41 PM org.apache.catalina.core.AprLifecycleListener init
INFO: The APR based Apache Tomcat Native library which allows optimal performance in production environments was not found on the java.library.path: /usr/lib/jvm/java-6-oracle/jre/lib/i386/server:/usr/lib/jvm/java-6-oracle/jre/lib/i386:/usr/lib/jvm/java-6-oracle/jre/../lib/i386:/usr/java/packages/lib/i386:/lib:/usr/lib
26 Mar, 2014 7:59:41 PM org.apache.tomcat.util.digester.SetPropertiesRule begin
WARNING: [SetPropertiesRule]{Server/Service/Engine/Host/Context} Setting property 'debug' to '0' did not find a matching property.
26 Mar, 2014 7:59:41 PM org.apache.tomcat.util.digester.SetPropertiesRule begin
WARNING: [SetPropertiesRule]{Server/Service/Engine/Host/Context} Setting property 'unpackWARs' to 'true' did not find a matching property.
26 Mar, 2014 7:59:41 PM org.apache.coyote.http11.Http11Protocol init
INFO: Initializing Coyote HTTP/1.1 on http-8080
26 Mar, 2014 7:59:41 PM org.apache.catalina.startup.Catalina load
INFO: Initialization processed in 371 ms
26 Mar, 2014 7:59:41 PM org.apache.catalina.core.StandardService start
INFO: Starting service Catalina
26 Mar, 2014 7:59:41 PM org.apache.catalina.core.StandardEngine start
INFO: Starting Servlet Engine: Apache Tomcat/6.0.39
26 Mar, 2014 7:59:41 PM org.apache.catalina.loader.WebappClassLoader validateJarFile
INFO: validateJarFile(/home/dinakaran/Dinakaran/java-workspace/dvd-app/target/dvd-app-2.3.0/WEB-INF/lib/servlet-api-2.5.jar) - jar not loaded. See Servlet Spec 2.3, section 9.7.2. Offending class: javax/servlet/Servlet.class
26 Mar, 2014 7:59:41 PM com.opensymphony.xwork2.util.logging.commons.CommonsLogger info
INFO: Parsing configuration file [struts-default.xml]
26 Mar, 2014 7:59:41 PM com.opensymphony.xwork2.util.logging.commons.CommonsLogger info
INFO: Unable to locate configuration files of the name struts-plugin.xml, skipping
26 Mar, 2014 7:59:41 PM com.opensymphony.xwork2.util.logging.commons.CommonsLogger info
INFO: Parsing configuration file [struts-plugin.xml]
26 Mar, 2014 7:59:41 PM com.opensymphony.xwork2.util.logging.commons.CommonsLogger info
INFO: Parsing configuration file [struts.xml]
26 Mar, 2014 7:59:41 PM com.opensymphony.xwork2.util.logging.commons.CommonsLogger info
INFO: Choosing bean (struts) for class com.opensymphony.xwork2.ObjectFactory
26 Mar, 2014 7:59:41 PM com.opensymphony.xwork2.util.logging.commons.CommonsLogger info
INFO: Choosing bean (struts) for class com.opensymphony.xwork2.conversion.impl.XWorkConverter
26 Mar, 2014 7:59:41 PM com.opensymphony.xwork2.util.logging.commons.CommonsLogger info
INFO: Choosing bean (struts) for interface com.opensymphony.xwork2.TextProvider
26 Mar, 2014 7:59:42 PM com.opensymphony.xwork2.util.logging.commons.CommonsLogger info
INFO: Choosing bean (struts) for interface com.opensymphony.xwork2.ActionProxyFactory
26 Mar, 2014 7:59:42 PM com.opensymphony.xwork2.util.logging.commons.CommonsLogger info
INFO: Choosing bean (struts) for interface com.opensymphony.xwork2.conversion.ObjectTypeDeterminer
26 Mar, 2014 7:59:42 PM com.opensymphony.xwork2.util.logging.commons.CommonsLogger info
INFO: Choosing bean (struts) for interface org.apache.struts2.dispatcher.mapper.ActionMapper
26 Mar, 2014 7:59:42 PM com.opensymphony.xwork2.util.logging.commons.CommonsLogger info
INFO: Choosing bean (jakarta) for interface org.apache.struts2.dispatcher.multipart.MultiPartRequest
26 Mar, 2014 7:59:42 PM com.opensymphony.xwork2.util.logging.commons.CommonsLogger info
INFO: Choosing bean (struts) for class org.apache.struts2.views.freemarker.FreemarkerManager
26 Mar, 2014 7:59:42 PM com.opensymphony.xwork2.util.logging.commons.CommonsLogger info
INFO: Choosing bean (struts) for interface org.apache.struts2.components.UrlRenderer
26 Mar, 2014 7:59:42 PM com.opensymphony.xwork2.util.logging.commons.CommonsLogger info
INFO: Choosing bean (struts) for interface com.opensymphony.xwork2.validator.ActionValidatorManager
26 Mar, 2014 7:59:42 PM com.opensymphony.xwork2.util.logging.commons.CommonsLogger info
INFO: Choosing bean (struts) for interface com.opensymphony.xwork2.util.ValueStackFactory
26 Mar, 2014 7:59:42 PM com.opensymphony.xwork2.util.logging.commons.CommonsLogger info
INFO: Choosing bean (struts) for interface com.opensymphony.xwork2.util.reflection.ReflectionProvider
26 Mar, 2014 7:59:42 PM com.opensymphony.xwork2.util.logging.commons.CommonsLogger info
INFO: Choosing bean (struts) for interface com.opensymphony.xwork2.util.reflection.ReflectionContextFactory
26 Mar, 2014 7:59:42 PM com.opensymphony.xwork2.util.logging.commons.CommonsLogger info
INFO: Choosing bean (struts) for interface com.opensymphony.xwork2.util.PatternMatcher
26 Mar, 2014 7:59:42 PM com.opensymphony.xwork2.util.logging.commons.CommonsLogger info
INFO: Choosing bean (struts) for interface org.apache.struts2.dispatcher.StaticContentLoader
26 Mar, 2014 7:59:42 PM com.opensymphony.xwork2.util.logging.commons.CommonsLogger info
INFO: Choosing bean (struts) for interface com.opensymphony.xwork2.UnknownHandlerManager
26 Mar, 2014 7:59:42 PM org.apache.catalina.startup.HostConfig deployDescriptor
INFO: Deploying configuration descriptor manager.xml
26 Mar, 2014 7:59:42 PM org.apache.catalina.startup.HostConfig deployDescriptor
INFO: Deploying configuration descriptor host-manager.xml
26 Mar, 2014 7:59:42 PM org.apache.catalina.startup.HostConfig deployDirectory
INFO: Deploying web application directory docs
26 Mar, 2014 7:59:42 PM org.apache.catalina.startup.HostConfig deployDirectory
INFO: Deploying web application directory examples
26 Mar, 2014 7:59:42 PM org.apache.coyote.http11.Http11Protocol start
INFO: Starting Coyote HTTP/1.1 on http-8080
26 Mar, 2014 7:59:42 PM org.apache.jk.common.ChannelSocket init
INFO: JK: ajp13 listening on /0.0.0.0:8009
26 Mar, 2014 7:59:42 PM org.apache.jk.server.JkMain start
INFO: Jk running ID=0 time=0/13  config=null
26 Mar, 2014 7:59:42 PM org.apache.catalina.startup.Catalina start
INFO: Server startup in 1304 ms
===>it should be updation140
==============>Biriyani
26 Mar, 2014 8:05:01 PM org.apache.catalina.core.AprLifecycleListener init
INFO: The APR based Apache Tomcat Native library which allows optimal performance in production environments was not found on the java.library.path: /usr/lib/jvm/java-6-oracle/jre/lib/i386/server:/usr/lib/jvm/java-6-oracle/jre/lib/i386:/usr/lib/jvm/java-6-oracle/jre/../lib/i386:/usr/java/packages/lib/i386:/lib:/usr/lib
26 Mar, 2014 8:05:01 PM org.apache.tomcat.util.digester.SetPropertiesRule begin
WARNING: [SetPropertiesRule]{Server/Service/Engine/Host/Context} Setting property 'debug' to '0' did not find a matching property.
26 Mar, 2014 8:05:01 PM org.apache.tomcat.util.digester.SetPropertiesRule begin
WARNING: [SetPropertiesRule]{Server/Service/Engine/Host/Context} Setting property 'unpackWARs' to 'true' did not find a matching property.
26 Mar, 2014 8:05:01 PM org.apache.coyote.http11.Http11Protocol init
INFO: Initializing Coyote HTTP/1.1 on http-8080
26 Mar, 2014 8:05:01 PM org.apache.catalina.startup.Catalina load
INFO: Initialization processed in 417 ms
26 Mar, 2014 8:05:01 PM org.apache.catalina.core.StandardService start
INFO: Starting service Catalina
26 Mar, 2014 8:05:01 PM org.apache.catalina.core.StandardEngine start
INFO: Starting Servlet Engine: Apache Tomcat/6.0.39
26 Mar, 2014 8:05:01 PM org.apache.catalina.loader.WebappClassLoader validateJarFile
INFO: validateJarFile(/home/dinakaran/Dinakaran/java-workspace/dvd-app/target/dvd-app-2.3.0/WEB-INF/lib/servlet-api-2.5.jar) - jar not loaded. See Servlet Spec 2.3, section 9.7.2. Offending class: javax/servlet/Servlet.class
26 Mar, 2014 8:05:02 PM com.opensymphony.xwork2.util.logging.commons.CommonsLogger info
INFO: Parsing configuration file [struts-default.xml]
26 Mar, 2014 8:05:02 PM com.opensymphony.xwork2.util.logging.commons.CommonsLogger info
INFO: Unable to locate configuration files of the name struts-plugin.xml, skipping
26 Mar, 2014 8:05:02 PM com.opensymphony.xwork2.util.logging.commons.CommonsLogger info
INFO: Parsing configuration file [struts-plugin.xml]
26 Mar, 2014 8:05:02 PM com.opensymphony.xwork2.util.logging.commons.CommonsLogger info
INFO: Parsing configuration file [struts.xml]
26 Mar, 2014 8:05:02 PM com.opensymphony.xwork2.util.logging.commons.CommonsLogger info
INFO: Choosing bean (struts) for class com.opensymphony.xwork2.ObjectFactory
26 Mar, 2014 8:05:02 PM com.opensymphony.xwork2.util.logging.commons.CommonsLogger info
INFO: Choosing bean (struts) for class com.opensymphony.xwork2.conversion.impl.XWorkConverter
26 Mar, 2014 8:05:02 PM com.opensymphony.xwork2.util.logging.commons.CommonsLogger info
INFO: Choosing bean (struts) for interface com.opensymphony.xwork2.TextProvider
26 Mar, 2014 8:05:02 PM com.opensymphony.xwork2.util.logging.commons.CommonsLogger info
INFO: Choosing bean (struts) for interface com.opensymphony.xwork2.ActionProxyFactory
26 Mar, 2014 8:05:02 PM com.opensymphony.xwork2.util.logging.commons.CommonsLogger info
INFO: Choosing bean (struts) for interface com.opensymphony.xwork2.conversion.ObjectTypeDeterminer
26 Mar, 2014 8:05:02 PM com.opensymphony.xwork2.util.logging.commons.CommonsLogger info
INFO: Choosing bean (struts) for interface org.apache.struts2.dispatcher.mapper.ActionMapper
26 Mar, 2014 8:05:02 PM com.opensymphony.xwork2.util.logging.commons.CommonsLogger info
INFO: Choosing bean (jakarta) for interface org.apache.struts2.dispatcher.multipart.MultiPartRequest
26 Mar, 2014 8:05:02 PM com.opensymphony.xwork2.util.logging.commons.CommonsLogger info
INFO: Choosing bean (struts) for class org.apache.struts2.views.freemarker.FreemarkerManager
26 Mar, 2014 8:05:02 PM com.opensymphony.xwork2.util.logging.commons.CommonsLogger info
INFO: Choosing bean (struts) for interface org.apache.struts2.components.UrlRenderer
26 Mar, 2014 8:05:02 PM com.opensymphony.xwork2.util.logging.commons.CommonsLogger info
INFO: Choosing bean (struts) for interface com.opensymphony.xwork2.validator.ActionValidatorManager
26 Mar, 2014 8:05:02 PM com.opensymphony.xwork2.util.logging.commons.CommonsLogger info
INFO: Choosing bean (struts) for interface com.opensymphony.xwork2.util.ValueStackFactory
26 Mar, 2014 8:05:02 PM com.opensymphony.xwork2.util.logging.commons.CommonsLogger info
INFO: Choosing bean (struts) for interface com.opensymphony.xwork2.util.reflection.ReflectionProvider
26 Mar, 2014 8:05:02 PM com.opensymphony.xwork2.util.logging.commons.CommonsLogger info
INFO: Choosing bean (struts) for interface com.opensymphony.xwork2.util.reflection.ReflectionContextFactory
26 Mar, 2014 8:05:02 PM com.opensymphony.xwork2.util.logging.commons.CommonsLogger info
INFO: Choosing bean (struts) for interface com.opensymphony.xwork2.util.PatternMatcher
26 Mar, 2014 8:05:02 PM com.opensymphony.xwork2.util.logging.commons.CommonsLogger info
INFO: Choosing bean (struts) for interface org.apache.struts2.dispatcher.StaticContentLoader
26 Mar, 2014 8:05:02 PM com.opensymphony.xwork2.util.logging.commons.CommonsLogger info
INFO: Choosing bean (struts) for interface com.opensymphony.xwork2.UnknownHandlerManager
26 Mar, 2014 8:05:02 PM org.apache.catalina.startup.HostConfig deployDescriptor
INFO: Deploying configuration descriptor manager.xml
26 Mar, 2014 8:05:02 PM org.apache.catalina.startup.HostConfig deployDescriptor
INFO: Deploying configuration descriptor host-manager.xml
26 Mar, 2014 8:05:02 PM org.apache.catalina.startup.HostConfig deployDirectory
INFO: Deploying web application directory docs
26 Mar, 2014 8:05:02 PM org.apache.catalina.startup.HostConfig deployDirectory
INFO: Deploying web application directory examples
26 Mar, 2014 8:05:02 PM org.apache.coyote.http11.Http11Protocol start
INFO: Starting Coyote HTTP/1.1 on http-8080
26 Mar, 2014 8:05:02 PM org.apache.jk.common.ChannelSocket init
INFO: JK: ajp13 listening on /0.0.0.0:8009
26 Mar, 2014 8:05:02 PM org.apache.jk.server.JkMain start
INFO: Jk running ID=0 time=0/18  config=null
26 Mar, 2014 8:05:02 PM org.apache.catalina.startup.Catalina start
INFO: Server startup in 1439 ms
===>updation
==============>Biriyani
26 Mar, 2014 8:09:04 PM org.apache.catalina.core.AprLifecycleListener init
INFO: The APR based Apache Tomcat Native library which allows optimal performance in production environments was not found on the java.library.path: /usr/lib/jvm/java-6-oracle/jre/lib/i386/server:/usr/lib/jvm/java-6-oracle/jre/lib/i386:/usr/lib/jvm/java-6-oracle/jre/../lib/i386:/usr/java/packages/lib/i386:/lib:/usr/lib
26 Mar, 2014 8:09:04 PM org.apache.tomcat.util.digester.SetPropertiesRule begin
WARNING: [SetPropertiesRule]{Server/Service/Engine/Host/Context} Setting property 'debug' to '0' did not find a matching property.
26 Mar, 2014 8:09:04 PM org.apache.tomcat.util.digester.SetPropertiesRule begin
WARNING: [SetPropertiesRule]{Server/Service/Engine/Host/Context} Setting property 'unpackWARs' to 'true' did not find a matching property.
26 Mar, 2014 8:09:04 PM org.apache.coyote.http11.Http11Protocol init
INFO: Initializing Coyote HTTP/1.1 on http-8080
26 Mar, 2014 8:09:04 PM org.apache.catalina.startup.Catalina load
INFO: Initialization processed in 439 ms
26 Mar, 2014 8:09:04 PM org.apache.catalina.core.StandardService start
INFO: Starting service Catalina
26 Mar, 2014 8:09:04 PM org.apache.catalina.core.StandardEngine start
INFO: Starting Servlet Engine: Apache Tomcat/6.0.39
26 Mar, 2014 8:09:04 PM org.apache.catalina.loader.WebappClassLoader validateJarFile
INFO: validateJarFile(/home/dinakaran/Dinakaran/java-workspace/dvd-app/target/dvd-app-2.3.0/WEB-INF/lib/servlet-api-2.5.jar) - jar not loaded. See Servlet Spec 2.3, section 9.7.2. Offending class: javax/servlet/Servlet.class
26 Mar, 2014 8:09:05 PM com.opensymphony.xwork2.util.logging.commons.CommonsLogger info
INFO: Parsing configuration file [struts-default.xml]
26 Mar, 2014 8:09:05 PM com.opensymphony.xwork2.util.logging.commons.CommonsLogger info
INFO: Unable to locate configuration files of the name struts-plugin.xml, skipping
26 Mar, 2014 8:09:05 PM com.opensymphony.xwork2.util.logging.commons.CommonsLogger info
INFO: Parsing configuration file [struts-plugin.xml]
26 Mar, 2014 8:09:05 PM com.opensymphony.xwork2.util.logging.commons.CommonsLogger info
INFO: Parsing configuration file [struts.xml]
26 Mar, 2014 8:09:05 PM com.opensymphony.xwork2.util.logging.commons.CommonsLogger info
INFO: Choosing bean (struts) for class com.opensymphony.xwork2.ObjectFactory
26 Mar, 2014 8:09:05 PM com.opensymphony.xwork2.util.logging.commons.CommonsLogger info
INFO: Choosing bean (struts) for class com.opensymphony.xwork2.conversion.impl.XWorkConverter
26 Mar, 2014 8:09:05 PM com.opensymphony.xwork2.util.logging.commons.CommonsLogger info
INFO: Choosing bean (struts) for interface com.opensymphony.xwork2.TextProvider
26 Mar, 2014 8:09:05 PM com.opensymphony.xwork2.util.logging.commons.CommonsLogger info
INFO: Choosing bean (struts) for interface com.opensymphony.xwork2.ActionProxyFactory
26 Mar, 2014 8:09:05 PM com.opensymphony.xwork2.util.logging.commons.CommonsLogger info
INFO: Choosing bean (struts) for interface com.opensymphony.xwork2.conversion.ObjectTypeDeterminer
26 Mar, 2014 8:09:05 PM com.opensymphony.xwork2.util.logging.commons.CommonsLogger info
INFO: Choosing bean (struts) for interface org.apache.struts2.dispatcher.mapper.ActionMapper
26 Mar, 2014 8:09:05 PM com.opensymphony.xwork2.util.logging.commons.CommonsLogger info
INFO: Choosing bean (jakarta) for interface org.apache.struts2.dispatcher.multipart.MultiPartRequest
26 Mar, 2014 8:09:05 PM com.opensymphony.xwork2.util.logging.commons.CommonsLogger info
INFO: Choosing bean (struts) for class org.apache.struts2.views.freemarker.FreemarkerManager
26 Mar, 2014 8:09:05 PM com.opensymphony.xwork2.util.logging.commons.CommonsLogger info
INFO: Choosing bean (struts) for interface org.apache.struts2.components.UrlRenderer
26 Mar, 2014 8:09:05 PM com.opensymphony.xwork2.util.logging.commons.CommonsLogger info
INFO: Choosing bean (struts) for interface com.opensymphony.xwork2.validator.ActionValidatorManager
26 Mar, 2014 8:09:05 PM com.opensymphony.xwork2.util.logging.commons.CommonsLogger info
INFO: Choosing bean (struts) for interface com.opensymphony.xwork2.util.ValueStackFactory
26 Mar, 2014 8:09:05 PM com.opensymphony.xwork2.util.logging.commons.CommonsLogger info
INFO: Choosing bean (struts) for interface com.opensymphony.xwork2.util.reflection.ReflectionProvider
26 Mar, 2014 8:09:05 PM com.opensymphony.xwork2.util.logging.commons.CommonsLogger info
INFO: Choosing bean (struts) for interface com.opensymphony.xwork2.util.reflection.ReflectionContextFactory
26 Mar, 2014 8:09:05 PM com.opensymphony.xwork2.util.logging.commons.CommonsLogger info
INFO: Choosing bean (struts) for interface com.opensymphony.xwork2.util.PatternMatcher
26 Mar, 2014 8:09:05 PM com.opensymphony.xwork2.util.logging.commons.CommonsLogger info
INFO: Choosing bean (struts) for interface org.apache.struts2.dispatcher.StaticContentLoader
26 Mar, 2014 8:09:05 PM com.opensymphony.xwork2.util.logging.commons.CommonsLogger info
INFO: Choosing bean (struts) for interface com.opensymphony.xwork2.UnknownHandlerManager
26 Mar, 2014 8:09:05 PM org.apache.catalina.startup.HostConfig deployDescriptor
INFO: Deploying configuration descriptor manager.xml
26 Mar, 2014 8:09:05 PM org.apache.catalina.startup.HostConfig deployDescriptor
INFO: Deploying configuration descriptor host-manager.xml
26 Mar, 2014 8:09:05 PM org.apache.catalina.startup.HostConfig deployDirectory
INFO: Deploying web application directory docs
26 Mar, 2014 8:09:05 PM org.apache.catalina.startup.HostConfig deployDirectory
INFO: Deploying web application directory examples
26 Mar, 2014 8:09:05 PM org.apache.coyote.http11.Http11Protocol start
INFO: Starting Coyote HTTP/1.1 on http-8080
26 Mar, 2014 8:09:06 PM org.apache.jk.common.ChannelSocket init
INFO: JK: ajp13 listening on /0.0.0.0:8009
26 Mar, 2014 8:09:06 PM org.apache.jk.server.JkMain start
INFO: Jk running ID=0 time=0/20  config=null
26 Mar, 2014 8:09:06 PM org.apache.catalina.startup.Catalina start
INFO: Server startup in 1437 ms
===>creation
==============>Biriyani
===>updation
==============>Biriyani
Dvd Search Success
===>updation
==============>Biriyani
Dvd Search Success
26 Mar, 2014 8:18:53 PM org.apache.catalina.core.AprLifecycleListener init
INFO: The APR based Apache Tomcat Native library which allows optimal performance in production environments was not found on the java.library.path: /usr/lib/jvm/java-6-oracle/jre/lib/i386/server:/usr/lib/jvm/java-6-oracle/jre/lib/i386:/usr/lib/jvm/java-6-oracle/jre/../lib/i386:/usr/java/packages/lib/i386:/lib:/usr/lib
26 Mar, 2014 8:18:53 PM org.apache.tomcat.util.digester.SetPropertiesRule begin
WARNING: [SetPropertiesRule]{Server/Service/Engine/Host/Context} Setting property 'debug' to '0' did not find a matching property.
26 Mar, 2014 8:18:53 PM org.apache.tomcat.util.digester.SetPropertiesRule begin
WARNING: [SetPropertiesRule]{Server/Service/Engine/Host/Context} Setting property 'unpackWARs' to 'true' did not find a matching property.
26 Mar, 2014 8:18:53 PM org.apache.coyote.http11.Http11Protocol init
INFO: Initializing Coyote HTTP/1.1 on http-8080
26 Mar, 2014 8:18:53 PM org.apache.catalina.startup.Catalina load
INFO: Initialization processed in 367 ms
26 Mar, 2014 8:18:53 PM org.apache.catalina.core.StandardService start
INFO: Starting service Catalina
26 Mar, 2014 8:18:53 PM org.apache.catalina.core.StandardEngine start
INFO: Starting Servlet Engine: Apache Tomcat/6.0.39
26 Mar, 2014 8:18:53 PM org.apache.catalina.loader.WebappClassLoader validateJarFile
INFO: validateJarFile(/home/dinakaran/Dinakaran/java-workspace/dvd-app/target/dvd-app-2.3.0/WEB-INF/lib/servlet-api-2.5.jar) - jar not loaded. See Servlet Spec 2.3, section 9.7.2. Offending class: javax/servlet/Servlet.class
26 Mar, 2014 8:18:54 PM com.opensymphony.xwork2.util.logging.commons.CommonsLogger info
INFO: Parsing configuration file [struts-default.xml]
26 Mar, 2014 8:18:54 PM com.opensymphony.xwork2.util.logging.commons.CommonsLogger info
INFO: Unable to locate configuration files of the name struts-plugin.xml, skipping
26 Mar, 2014 8:18:54 PM com.opensymphony.xwork2.util.logging.commons.CommonsLogger info
INFO: Parsing configuration file [struts-plugin.xml]
26 Mar, 2014 8:18:54 PM com.opensymphony.xwork2.util.logging.commons.CommonsLogger info
INFO: Parsing configuration file [struts.xml]
26 Mar, 2014 8:18:54 PM com.opensymphony.xwork2.util.logging.commons.CommonsLogger info
INFO: Choosing bean (struts) for class com.opensymphony.xwork2.ObjectFactory
26 Mar, 2014 8:18:54 PM com.opensymphony.xwork2.util.logging.commons.CommonsLogger info
INFO: Choosing bean (struts) for class com.opensymphony.xwork2.conversion.impl.XWorkConverter
26 Mar, 2014 8:18:54 PM com.opensymphony.xwork2.util.logging.commons.CommonsLogger info
INFO: Choosing bean (struts) for interface com.opensymphony.xwork2.TextProvider
26 Mar, 2014 8:18:54 PM com.opensymphony.xwork2.util.logging.commons.CommonsLogger info
INFO: Choosing bean (struts) for interface com.opensymphony.xwork2.ActionProxyFactory
26 Mar, 2014 8:18:54 PM com.opensymphony.xwork2.util.logging.commons.CommonsLogger info
INFO: Choosing bean (struts) for interface com.opensymphony.xwork2.conversion.ObjectTypeDeterminer
26 Mar, 2014 8:18:54 PM com.opensymphony.xwork2.util.logging.commons.CommonsLogger info
INFO: Choosing bean (struts) for interface org.apache.struts2.dispatcher.mapper.ActionMapper
26 Mar, 2014 8:18:54 PM com.opensymphony.xwork2.util.logging.commons.CommonsLogger info
INFO: Choosing bean (jakarta) for interface org.apache.struts2.dispatcher.multipart.MultiPartRequest
26 Mar, 2014 8:18:54 PM com.opensymphony.xwork2.util.logging.commons.CommonsLogger info
INFO: Choosing bean (struts) for class org.apache.struts2.views.freemarker.FreemarkerManager
26 Mar, 2014 8:18:54 PM com.opensymphony.xwork2.util.logging.commons.CommonsLogger info
INFO: Choosing bean (struts) for interface org.apache.struts2.components.UrlRenderer
26 Mar, 2014 8:18:54 PM com.opensymphony.xwork2.util.logging.commons.CommonsLogger info
INFO: Choosing bean (struts) for interface com.opensymphony.xwork2.validator.ActionValidatorManager
26 Mar, 2014 8:18:54 PM com.opensymphony.xwork2.util.logging.commons.CommonsLogger info
INFO: Choosing bean (struts) for interface com.opensymphony.xwork2.util.ValueStackFactory
26 Mar, 2014 8:18:54 PM com.opensymphony.xwork2.util.logging.commons.CommonsLogger info
INFO: Choosing bean (struts) for interface com.opensymphony.xwork2.util.reflection.ReflectionProvider
26 Mar, 2014 8:18:54 PM com.opensymphony.xwork2.util.logging.commons.CommonsLogger info
INFO: Choosing bean (struts) for interface com.opensymphony.xwork2.util.reflection.ReflectionContextFactory
26 Mar, 2014 8:18:54 PM com.opensymphony.xwork2.util.logging.commons.CommonsLogger info
INFO: Choosing bean (struts) for interface com.opensymphony.xwork2.util.PatternMatcher
26 Mar, 2014 8:18:54 PM com.opensymphony.xwork2.util.logging.commons.CommonsLogger info
INFO: Choosing bean (struts) for interface org.apache.struts2.dispatcher.StaticContentLoader
26 Mar, 2014 8:18:54 PM com.opensymphony.xwork2.util.logging.commons.CommonsLogger info
INFO: Choosing bean (struts) for interface com.opensymphony.xwork2.UnknownHandlerManager
26 Mar, 2014 8:18:54 PM org.apache.catalina.startup.HostConfig deployDescriptor
INFO: Deploying configuration descriptor manager.xml
26 Mar, 2014 8:18:54 PM org.apache.catalina.startup.HostConfig deployDescriptor
INFO: Deploying configuration descriptor host-manager.xml
26 Mar, 2014 8:18:54 PM org.apache.catalina.startup.HostConfig deployDirectory
INFO: Deploying web application directory docs
26 Mar, 2014 8:18:54 PM org.apache.catalina.startup.HostConfig deployDirectory
INFO: Deploying web application directory examples
26 Mar, 2014 8:18:55 PM org.apache.coyote.http11.Http11Protocol start
INFO: Starting Coyote HTTP/1.1 on http-8080
26 Mar, 2014 8:18:55 PM org.apache.jk.common.ChannelSocket init
INFO: JK: ajp13 listening on /0.0.0.0:8009
26 Mar, 2014 8:18:55 PM org.apache.jk.server.JkMain start
INFO: Jk running ID=0 time=0/17  config=null
26 Mar, 2014 8:18:55 PM org.apache.catalina.startup.Catalina start
INFO: Server startup in 1357 ms
===>creation
==============>Thuppakki
Dvd Search SuccessThuppakki
26 Mar, 2014 8:22:03 PM org.apache.catalina.core.AprLifecycleListener init
INFO: The APR based Apache Tomcat Native library which allows optimal performance in production environments was not found on the java.library.path: /usr/lib/jvm/java-6-oracle/jre/lib/i386/server:/usr/lib/jvm/java-6-oracle/jre/lib/i386:/usr/lib/jvm/java-6-oracle/jre/../lib/i386:/usr/java/packages/lib/i386:/lib:/usr/lib
26 Mar, 2014 8:22:03 PM org.apache.tomcat.util.digester.SetPropertiesRule begin
WARNING: [SetPropertiesRule]{Server/Service/Engine/Host/Context} Setting property 'debug' to '0' did not find a matching property.
26 Mar, 2014 8:22:03 PM org.apache.tomcat.util.digester.SetPropertiesRule begin
WARNING: [SetPropertiesRule]{Server/Service/Engine/Host/Context} Setting property 'unpackWARs' to 'true' did not find a matching property.
26 Mar, 2014 8:22:03 PM org.apache.coyote.http11.Http11Protocol init
INFO: Initializing Coyote HTTP/1.1 on http-8080
26 Mar, 2014 8:22:03 PM org.apache.catalina.startup.Catalina load
INFO: Initialization processed in 407 ms
26 Mar, 2014 8:22:04 PM org.apache.catalina.core.StandardService start
INFO: Starting service Catalina
26 Mar, 2014 8:22:04 PM org.apache.catalina.core.StandardEngine start
INFO: Starting Servlet Engine: Apache Tomcat/6.0.39
26 Mar, 2014 8:22:04 PM org.apache.catalina.loader.WebappClassLoader validateJarFile
INFO: validateJarFile(/home/dinakaran/Dinakaran/java-workspace/dvd-app/target/dvd-app-2.3.0/WEB-INF/lib/servlet-api-2.5.jar) - jar not loaded. See Servlet Spec 2.3, section 9.7.2. Offending class: javax/servlet/Servlet.class
26 Mar, 2014 8:22:04 PM com.opensymphony.xwork2.util.logging.commons.CommonsLogger info
INFO: Parsing configuration file [struts-default.xml]
26 Mar, 2014 8:22:04 PM com.opensymphony.xwork2.util.logging.commons.CommonsLogger info
INFO: Unable to locate configuration files of the name struts-plugin.xml, skipping
26 Mar, 2014 8:22:04 PM com.opensymphony.xwork2.util.logging.commons.CommonsLogger info
INFO: Parsing configuration file [struts-plugin.xml]
26 Mar, 2014 8:22:04 PM com.opensymphony.xwork2.util.logging.commons.CommonsLogger info
INFO: Parsing configuration file [struts.xml]
26 Mar, 2014 8:22:04 PM com.opensymphony.xwork2.util.logging.commons.CommonsLogger info
INFO: Choosing bean (struts) for class com.opensymphony.xwork2.ObjectFactory
26 Mar, 2014 8:22:04 PM com.opensymphony.xwork2.util.logging.commons.CommonsLogger info
INFO: Choosing bean (struts) for class com.opensymphony.xwork2.conversion.impl.XWorkConverter
26 Mar, 2014 8:22:04 PM com.opensymphony.xwork2.util.logging.commons.CommonsLogger info
INFO: Choosing bean (struts) for interface com.opensymphony.xwork2.TextProvider
26 Mar, 2014 8:22:04 PM com.opensymphony.xwork2.util.logging.commons.CommonsLogger info
INFO: Choosing bean (struts) for interface com.opensymphony.xwork2.ActionProxyFactory
26 Mar, 2014 8:22:04 PM com.opensymphony.xwork2.util.logging.commons.CommonsLogger info
INFO: Choosing bean (struts) for interface com.opensymphony.xwork2.conversion.ObjectTypeDeterminer
26 Mar, 2014 8:22:04 PM com.opensymphony.xwork2.util.logging.commons.CommonsLogger info
INFO: Choosing bean (struts) for interface org.apache.struts2.dispatcher.mapper.ActionMapper
26 Mar, 2014 8:22:04 PM com.opensymphony.xwork2.util.logging.commons.CommonsLogger info
INFO: Choosing bean (jakarta) for interface org.apache.struts2.dispatcher.multipart.MultiPartRequest
26 Mar, 2014 8:22:04 PM com.opensymphony.xwork2.util.logging.commons.CommonsLogger info
INFO: Choosing bean (struts) for class org.apache.struts2.views.freemarker.FreemarkerManager
26 Mar, 2014 8:22:04 PM com.opensymphony.xwork2.util.logging.commons.CommonsLogger info
INFO: Choosing bean (struts) for interface org.apache.struts2.components.UrlRenderer
26 Mar, 2014 8:22:04 PM com.opensymphony.xwork2.util.logging.commons.CommonsLogger info
INFO: Choosing bean (struts) for interface com.opensymphony.xwork2.validator.ActionValidatorManager
26 Mar, 2014 8:22:04 PM com.opensymphony.xwork2.util.logging.commons.CommonsLogger info
INFO: Choosing bean (struts) for interface com.opensymphony.xwork2.util.ValueStackFactory
26 Mar, 2014 8:22:04 PM com.opensymphony.xwork2.util.logging.commons.CommonsLogger info
INFO: Choosing bean (struts) for interface com.opensymphony.xwork2.util.reflection.ReflectionProvider
26 Mar, 2014 8:22:04 PM com.opensymphony.xwork2.util.logging.commons.CommonsLogger info
INFO: Choosing bean (struts) for interface com.opensymphony.xwork2.util.reflection.ReflectionContextFactory
26 Mar, 2014 8:22:04 PM com.opensymphony.xwork2.util.logging.commons.CommonsLogger info
INFO: Choosing bean (struts) for interface com.opensymphony.xwork2.util.PatternMatcher
26 Mar, 2014 8:22:04 PM com.opensymphony.xwork2.util.logging.commons.CommonsLogger info
INFO: Choosing bean (struts) for interface org.apache.struts2.dispatcher.StaticContentLoader
26 Mar, 2014 8:22:04 PM com.opensymphony.xwork2.util.logging.commons.CommonsLogger info
INFO: Choosing bean (struts) for interface com.opensymphony.xwork2.UnknownHandlerManager
26 Mar, 2014 8:22:04 PM org.apache.catalina.startup.HostConfig deployDescriptor
INFO: Deploying configuration descriptor manager.xml
26 Mar, 2014 8:22:05 PM org.apache.catalina.startup.HostConfig deployDescriptor
INFO: Deploying configuration descriptor host-manager.xml
26 Mar, 2014 8:22:05 PM org.apache.catalina.startup.HostConfig deployDirectory
INFO: Deploying web application directory docs
26 Mar, 2014 8:22:05 PM org.apache.catalina.startup.HostConfig deployDirectory
INFO: Deploying web application directory examples
26 Mar, 2014 8:22:05 PM org.apache.coyote.http11.Http11Protocol start
INFO: Starting Coyote HTTP/1.1 on http-8080
26 Mar, 2014 8:22:05 PM org.apache.jk.common.ChannelSocket init
INFO: JK: ajp13 listening on /0.0.0.0:8009
26 Mar, 2014 8:22:05 PM org.apache.jk.server.JkMain start
INFO: Jk running ID=0 time=0/12  config=null
26 Mar, 2014 8:22:05 PM org.apache.catalina.startup.Catalina start
INFO: Server startup in 1347 ms
===>creation
==============>Velayudham
Dvd Search SuccessVelayudham
